<?xml version="1.0" encoding="UTF-8"?>
<!-- Generated by org.testng.reporters.JUnitXMLReporter -->
<testsuite ignored="0" hostname="LAPTOP-K76LP1TT" failures="0" tests="3" name="Default test" time="5.081" errors="0" timestamp="2022-12-20T20:26:33 PST">
  <testcase classname="Udemy.DynamicJson" name="addBook" time="3.746"/>
  <testcase classname="Udemy.DynamicJson" name="addBook" time="0.638"/>
  <testcase classname="Udemy.DynamicJson" name="addBook" time="0.608"/>
</testsuite> <!-- Default test -->
