<?xml version="1.0" encoding="UTF-8"?>
<!-- Generated by org.testng.reporters.JUnitXMLReporter -->
<testsuite ignored="1" hostname="LAPTOP-K76LP1TT" failures="0" tests="1" name="Default test" time="0.068" errors="0" timestamp="2022-11-24T17:38:40 PST">
  <testcase classname="DifferentTypes.Test02_Post" name="james_forloop" time="0.016"/>
  <testcase classname="DifferentTypes.Test02_Post" name="test_post" time="0.0">
    <ignored/>
  </testcase> <!-- test_post -->
</testsuite> <!-- Default test -->
