<?xml version="1.0" encoding="UTF-8"?>
<!-- Generated by org.testng.reporters.JUnitXMLReporter -->
<testsuite ignored="1" hostname="LAPTOP-K76LP1TT" failures="1" tests="1" name="test1" time="0.13" errors="0" timestamp="2022-11-12T15:37:41 PST">
  <testcase classname="Test01_GET" name="jamesArray" time="0.028">
    <failure type="java.lang.IndexOutOfBoundsException" message="Index 4 out of bounds for length 4">
      <![CDATA[java.lang.IndexOutOfBoundsException: Index 4 out of bounds for length 4
at java.base/jdk.internal.util.Preconditions.outOfBounds(Preconditions.java:100)
at java.base/jdk.internal.util.Preconditions.outOfBoundsCheckIndex(Preconditions.java:106)
at java.base/jdk.internal.util.Preconditions.checkIndex(Preconditions.java:302)
at java.base/java.util.Objects.checkIndex(Objects.java:385)
at java.base/java.util.ArrayList.get(ArrayList.java:427)
at Test01_GET.jamesArray(Test01_GET.java:40)
at java.base/java.util.ArrayList.forEach(ArrayList.java:1511)
... Removed 25 stack frames]]>
    </failure>
  </testcase> <!-- jamesArray -->
  <testcase classname="Test01_GET" name="test_01" time="0.0">
    <ignored/>
  </testcase> <!-- test_01 -->
</testsuite> <!-- test1 -->
