<?xml version="1.0" encoding="UTF-8"?>
<testng-results ignored="0" total="1" passed="1" failed="0" skipped="0">
  <reporter-output>
  </reporter-output>
  <suite started-at="2022-12-08T20:00:50 PST" name="Default suite" finished-at="2022-12-08T20:00:56 PST" duration-ms="6082">
    <groups>
    </groups>
    <test started-at="2022-12-08T20:00:50 PST" name="Default test" finished-at="2022-12-08T20:00:56 PST" duration-ms="6082">
      <class name="Udemy.Basics">
        <test-method signature="test123()[pri:0, instance:Udemy.Basics@7ed7259e]" started-at="2022-12-08T20:00:50 PST" name="test123" finished-at="2022-12-08T20:00:56 PST" duration-ms="5997" status="PASS">
          <reporter-output>
          </reporter-output>
        </test-method> <!-- test123 -->
      </class> <!-- Udemy.Basics -->
    </test> <!-- Default test -->
  </suite> <!-- Default suite -->
</testng-results>
